<?xml version="1.0" encoding="UTF-8"?>
<testng-results skipped="0" failed="0" total="2" passed="2">
  <reporter-output>
  </reporter-output>
  <suite name="Default suite" duration-ms="4437" started-at="2019-04-04T04:10:47Z" finished-at="2019-04-04T04:10:52Z">
    <groups>
    </groups>
    <test name="Default test" duration-ms="4437" started-at="2019-04-04T04:10:47Z" finished-at="2019-04-04T04:10:52Z">
      <class name="RestAssuredDemo.TestRequests">
        <test-method status="PASS" signature="roundTest()[pri:0, instance:RestAssuredDemo.TestRequests@56235b8e]" name="roundTest" duration-ms="3226" started-at="2019-04-04T09:40:48Z" finished-at="2019-04-04T09:40:51Z">
          <reporter-output>
          </reporter-output>
        </test-method> <!-- roundTest -->
        <test-method status="PASS" signature="seriesTest()[pri:0, instance:RestAssuredDemo.TestRequests@56235b8e]" name="seriesTest" duration-ms="883" started-at="2019-04-04T09:40:51Z" finished-at="2019-04-04T09:40:52Z">
          <reporter-output>
          </reporter-output>
        </test-method> <!-- seriesTest -->
      </class> <!-- RestAssuredDemo.TestRequests -->
    </test> <!-- Default test -->
  </suite> <!-- Default suite -->
</testng-results>
